2023-11-22 02:03:20.826 [info] Extension host with pid 4684 started
2023-11-22 02:03:20.826 [info] Skipping acquiring lock for /home/garuda/.config/VSCodium/User/workspaceStorage/37117a06431f5e39a551c7d5493c8272.
2023-11-22 02:03:21.192 [info] ExtensionService#_doActivateExtension vscode.git-base, startup: true, activationEvent: '*'
2023-11-22 02:03:21.445 [info] ExtensionService#_doActivateExtension vscode.github, startup: true, activationEvent: '*'
2023-11-22 02:03:21.630 [info] Eager extensions activated
2023-11-22 02:03:21.736 [info] ExtensionService#_doActivateExtension vscode.debug-auto-launch, startup: false, activationEvent: 'onStartupFinished'
2023-11-22 02:03:21.739 [info] ExtensionService#_doActivateExtension vscode.merge-conflict, startup: false, activationEvent: 'onStartupFinished'
2023-11-22 02:03:29.857 [info] ExtensionService#_doActivateExtension vscode.git, startup: false, activationEvent: 'api', root cause: vscode.github
2023-11-22 02:04:24.777 [warning] [Decorations] CAPPING events from decorations provider vscode.git 2778
2023-11-22 02:04:25.530 [warning] [Decorations] CAPPING events from decorations provider vscode.git 2778
2023-11-22 02:04:27.170 [warning] [Decorations] CAPPING events from decorations provider vscode.git 2778
2023-11-22 02:04:32.313 [warning] [Decorations] CAPPING events from decorations provider vscode.git 2778
2023-11-22 02:04:37.526 [warning] [Decorations] CAPPING events from decorations provider vscode.git 2778
2023-11-22 02:04:42.722 [warning] [Decorations] CAPPING events from decorations provider vscode.git 2778
2023-11-22 02:04:47.913 [warning] [Decorations] CAPPING events from decorations provider vscode.git 2778
2023-11-22 02:04:53.069 [warning] [Decorations] CAPPING events from decorations provider vscode.git 2778
2023-11-22 02:04:58.257 [warning] [Decorations] CAPPING events from decorations provider vscode.git 2778
2023-11-22 02:05:03.481 [warning] [Decorations] CAPPING events from decorations provider vscode.git 2778
2023-11-22 02:05:08.612 [warning] [Decorations] CAPPING events from decorations provider vscode.git 2778
2023-11-22 02:05:13.723 [warning] [Decorations] CAPPING events from decorations provider vscode.git 2778
2023-11-22 02:05:18.902 [warning] [Decorations] CAPPING events from decorations provider vscode.git 2778
2023-11-22 02:05:24.024 [warning] [Decorations] CAPPING events from decorations provider vscode.git 2778
2023-11-22 02:05:29.153 [warning] [Decorations] CAPPING events from decorations provider vscode.git 2778
2023-11-22 02:05:34.345 [warning] [Decorations] CAPPING events from decorations provider vscode.git 2778
2023-11-22 02:05:39.549 [warning] [Decorations] CAPPING events from decorations provider vscode.git 2778
2023-11-22 02:05:44.684 [warning] [Decorations] CAPPING events from decorations provider vscode.git 2778
2023-11-22 02:05:49.808 [warning] [Decorations] CAPPING events from decorations provider vscode.git 2778
