2023-11-22 02:03:30.572 [info] Log level: Info
2023-11-22 02:03:30.572 [info] Validating found git in: "git"
2023-11-22 02:03:30.788 [info] Using git "2.42.0" from "git"
2023-11-22 02:03:30.847 [info] > git rev-parse --show-toplevel [19ms]
2023-11-22 02:03:30.849 [info] fatal: not a git repository (or any of the parent directories): .git
2023-11-22 02:03:30.870 [info] > git rev-parse --show-toplevel [2ms]
2023-11-22 02:03:30.870 [info] fatal: not a git repository (or any of the parent directories): .git
2023-11-22 02:03:30.889 [info] > git rev-parse --show-toplevel [6ms]
2023-11-22 02:03:30.889 [info] fatal: not a git repository (or any of the parent directories): .git
2023-11-22 02:03:30.908 [info] > git rev-parse --show-toplevel [2ms]
2023-11-22 02:03:30.908 [info] fatal: not a git repository (or any of the parent directories): .git
2023-11-22 02:03:30.930 [info] > git rev-parse --show-toplevel [8ms]
2023-11-22 02:03:30.930 [info] fatal: not a git repository (or any of the parent directories): .git
2023-11-22 02:03:30.951 [info] > git rev-parse --show-toplevel [1ms]
2023-11-22 02:03:30.951 [info] fatal: not a git repository (or any of the parent directories): .git
2023-11-22 02:03:30.969 [info] > git rev-parse --show-toplevel [7ms]
2023-11-22 02:03:30.969 [info] fatal: not a git repository (or any of the parent directories): .git
2023-11-22 02:03:30.985 [info] > git rev-parse --show-toplevel [1ms]
2023-11-22 02:03:30.985 [info] fatal: not a git repository (or any of the parent directories): .git
2023-11-22 02:03:31.000 [info] > git rev-parse --show-toplevel [1ms]
2023-11-22 02:03:31.000 [info] fatal: not a git repository (or any of the parent directories): .git
2023-11-22 02:03:31.024 [info] > git rev-parse --show-toplevel [6ms]
2023-11-22 02:03:31.024 [info] fatal: not a git repository (or any of the parent directories): .git
2023-11-22 02:03:31.040 [info] > git rev-parse --show-toplevel [2ms]
2023-11-22 02:03:31.040 [info] fatal: not a git repository (or any of the parent directories): .git
2023-11-22 02:03:31.072 [info] > git rev-parse --show-toplevel [13ms]
2023-11-22 02:03:31.072 [info] fatal: not a git repository (or any of the parent directories): .git
2023-11-22 02:03:31.097 [info] > git rev-parse --show-toplevel [9ms]
2023-11-22 02:03:31.097 [info] fatal: not a git repository (or any of the parent directories): .git
2023-11-22 02:03:31.114 [info] > git rev-parse --show-toplevel [1ms]
2023-11-22 02:03:31.114 [info] fatal: not a git repository (or any of the parent directories): .git
2023-11-22 02:03:31.133 [info] > git rev-parse --show-toplevel [2ms]
2023-11-22 02:03:31.133 [info] fatal: not a git repository (or any of the parent directories): .git
2023-11-22 02:03:31.156 [info] > git rev-parse --show-toplevel [4ms]
2023-11-22 02:03:31.156 [info] fatal: not a git repository (or any of the parent directories): .git
2023-11-22 02:04:24.495 [info] > git rev-parse --show-toplevel [2ms]
2023-11-22 02:04:24.505 [info] > git rev-parse --git-dir --git-common-dir [2ms]
2023-11-22 02:04:24.538 [info] Open repository: /home/garuda
2023-11-22 02:04:24.587 [info] No remotes found in the git config file.
2023-11-22 02:04:24.588 [info] > git config --get commit.template [15ms]
2023-11-22 02:04:24.591 [info] > git for-each-ref --format=%(refname)%00%(upstream:short)%00%(objectname)%00%(upstream:track)%00%(upstream:remotename)%00%(upstream:remoteref) refs/heads/master refs/remotes/master [5ms]
2023-11-22 02:04:24.641 [info] > git status -z -uall [36ms]
2023-11-22 02:04:25.373 [info] > git config --get commit.template [35ms]
2023-11-22 02:04:25.417 [info] No remotes found in the git config file.
2023-11-22 02:04:25.428 [info] > git for-each-ref --format=%(refname)%00%(upstream:short)%00%(objectname)%00%(upstream:track)%00%(upstream:remotename)%00%(upstream:remoteref) refs/heads/master refs/remotes/master [11ms]
2023-11-22 02:04:25.458 [info] > git status -z -uall [21ms]
2023-11-22 02:04:27.033 [info] No remotes found in the git config file.
2023-11-22 02:04:27.034 [info] > git config --get commit.template [41ms]
2023-11-22 02:04:27.045 [info] > git for-each-ref --format=%(refname)%00%(upstream:short)%00%(objectname)%00%(upstream:track)%00%(upstream:remotename)%00%(upstream:remoteref) refs/heads/master refs/remotes/master [14ms]
2023-11-22 02:04:27.110 [info] > git status -z -uall [47ms]
2023-11-22 02:04:28.605 [info] > git check-ignore -v -z --stdin [7ms]
2023-11-22 02:04:32.218 [info] No remotes found in the git config file.
2023-11-22 02:04:32.218 [info] > git config --get commit.template [16ms]
2023-11-22 02:04:32.225 [info] > git for-each-ref --format=%(refname)%00%(upstream:short)%00%(objectname)%00%(upstream:track)%00%(upstream:remotename)%00%(upstream:remoteref) refs/heads/master refs/remotes/master [8ms]
2023-11-22 02:04:32.270 [info] > git status -z -uall [32ms]
2023-11-22 02:04:32.740 [info] > git check-ignore -v -z --stdin [3ms]
2023-11-22 02:04:37.365 [info] > git config --get commit.template [6ms]
2023-11-22 02:04:37.406 [info] No remotes found in the git config file.
2023-11-22 02:04:37.414 [info] > git for-each-ref --format=%(refname)%00%(upstream:short)%00%(objectname)%00%(upstream:track)%00%(upstream:remotename)%00%(upstream:remoteref) refs/heads/master refs/remotes/master [9ms]
2023-11-22 02:04:37.481 [info] > git status -z -uall [43ms]
2023-11-22 02:04:42.598 [info] No remotes found in the git config file.
2023-11-22 02:04:42.604 [info] > git config --get commit.template [27ms]
2023-11-22 02:04:42.626 [info] > git for-each-ref --format=%(refname)%00%(upstream:short)%00%(objectname)%00%(upstream:track)%00%(upstream:remotename)%00%(upstream:remoteref) refs/heads/master refs/remotes/master [28ms]
2023-11-22 02:04:42.689 [info] > git status -z -uall [40ms]
2023-11-22 02:04:47.799 [info] No remotes found in the git config file.
2023-11-22 02:04:47.804 [info] > git for-each-ref --format=%(refname)%00%(upstream:short)%00%(objectname)%00%(upstream:track)%00%(upstream:remotename)%00%(upstream:remoteref) refs/heads/master refs/remotes/master [6ms]
2023-11-22 02:04:47.805 [info] > git config --get commit.template [44ms]
2023-11-22 02:04:47.875 [info] > git status -z -uall [40ms]
2023-11-22 02:04:52.952 [info] No remotes found in the git config file.
2023-11-22 02:04:52.953 [info] > git config --get commit.template [14ms]
2023-11-22 02:04:52.957 [info] > git for-each-ref --format=%(refname)%00%(upstream:short)%00%(objectname)%00%(upstream:track)%00%(upstream:remotename)%00%(upstream:remoteref) refs/heads/master refs/remotes/master [5ms]
2023-11-22 02:04:53.011 [info] > git status -z -uall [44ms]
2023-11-22 02:04:58.122 [info] No remotes found in the git config file.
2023-11-22 02:04:58.123 [info] > git for-each-ref --format=%(refname)%00%(upstream:short)%00%(objectname)%00%(upstream:track)%00%(upstream:remotename)%00%(upstream:remoteref) refs/heads/master refs/remotes/master [2ms]
2023-11-22 02:04:58.124 [info] > git config --get commit.template [24ms]
2023-11-22 02:04:58.230 [info] > git status -z -uall [68ms]
2023-11-22 02:05:03.337 [info] No remotes found in the git config file.
2023-11-22 02:05:03.360 [info] > git for-each-ref --format=%(refname)%00%(upstream:short)%00%(objectname)%00%(upstream:track)%00%(upstream:remotename)%00%(upstream:remoteref) refs/heads/master refs/remotes/master [23ms]
2023-11-22 02:05:03.360 [info] > git config --get commit.template [50ms]
2023-11-22 02:05:03.430 [info] > git status -z -uall [36ms]
2023-11-22 02:05:08.523 [info] No remotes found in the git config file.
2023-11-22 02:05:08.526 [info] > git for-each-ref --format=%(refname)%00%(upstream:short)%00%(objectname)%00%(upstream:track)%00%(upstream:remotename)%00%(upstream:remoteref) refs/heads/master refs/remotes/master [3ms]
2023-11-22 02:05:08.531 [info] > git config --get commit.template [21ms]
2023-11-22 02:05:08.565 [info] > git status -z -uall [22ms]
2023-11-22 02:05:13.649 [info] No remotes found in the git config file.
2023-11-22 02:05:13.650 [info] > git config --get commit.template [14ms]
2023-11-22 02:05:13.651 [info] > git for-each-ref --format=%(refname)%00%(upstream:short)%00%(objectname)%00%(upstream:track)%00%(upstream:remotename)%00%(upstream:remoteref) refs/heads/master refs/remotes/master [3ms]
2023-11-22 02:05:13.683 [info] > git status -z -uall [21ms]
2023-11-22 02:05:18.800 [info] No remotes found in the git config file.
2023-11-22 02:05:18.801 [info] > git config --get commit.template [23ms]
2023-11-22 02:05:18.806 [info] > git for-each-ref --format=%(refname)%00%(upstream:short)%00%(objectname)%00%(upstream:track)%00%(upstream:remotename)%00%(upstream:remoteref) refs/heads/master refs/remotes/master [6ms]
2023-11-22 02:05:18.857 [info] > git status -z -uall [30ms]
2023-11-22 02:05:23.929 [info] > git config --get commit.template [7ms]
2023-11-22 02:05:23.944 [info] No remotes found in the git config file.
2023-11-22 02:05:23.946 [info] > git for-each-ref --format=%(refname)%00%(upstream:short)%00%(objectname)%00%(upstream:track)%00%(upstream:remotename)%00%(upstream:remoteref) refs/heads/master refs/remotes/master [2ms]
2023-11-22 02:05:23.979 [info] > git status -z -uall [21ms]
2023-11-22 02:05:29.096 [info] No remotes found in the git config file.
2023-11-22 02:05:29.098 [info] > git config --get commit.template [25ms]
2023-11-22 02:05:29.104 [info] > git for-each-ref --format=%(refname)%00%(upstream:short)%00%(objectname)%00%(upstream:track)%00%(upstream:remotename)%00%(upstream:remoteref) refs/heads/master refs/remotes/master [8ms]
2023-11-22 02:05:29.130 [info] > git status -z -uall [14ms]
2023-11-22 02:05:34.179 [info] > git config --get commit.template [2ms]
2023-11-22 02:05:34.192 [info] No remotes found in the git config file.
2023-11-22 02:05:34.193 [info] > git for-each-ref --format=%(refname)%00%(upstream:short)%00%(objectname)%00%(upstream:track)%00%(upstream:remotename)%00%(upstream:remoteref) refs/heads/master refs/remotes/master [2ms]
2023-11-22 02:05:34.233 [info] > git status -z -uall [28ms]
2023-11-22 02:05:39.415 [info] No remotes found in the git config file.
2023-11-22 02:05:39.417 [info] > git config --get commit.template [23ms]
2023-11-22 02:05:39.417 [info] > git for-each-ref --format=%(refname)%00%(upstream:short)%00%(objectname)%00%(upstream:track)%00%(upstream:remotename)%00%(upstream:remoteref) refs/heads/master refs/remotes/master [2ms]
2023-11-22 02:05:39.486 [info] > git status -z -uall [46ms]
2023-11-22 02:05:44.591 [info] No remotes found in the git config file.
2023-11-22 02:05:44.593 [info] > git config --get commit.template [15ms]
2023-11-22 02:05:44.593 [info] > git for-each-ref --format=%(refname)%00%(upstream:short)%00%(objectname)%00%(upstream:track)%00%(upstream:remotename)%00%(upstream:remoteref) refs/heads/master refs/remotes/master [3ms]
2023-11-22 02:05:44.639 [info] > git status -z -uall [34ms]
2023-11-22 02:05:49.707 [info] > git config --get commit.template [2ms]
2023-11-22 02:05:49.719 [info] No remotes found in the git config file.
2023-11-22 02:05:49.721 [info] > git for-each-ref --format=%(refname)%00%(upstream:short)%00%(objectname)%00%(upstream:track)%00%(upstream:remotename)%00%(upstream:remoteref) refs/heads/master refs/remotes/master [2ms]
2023-11-22 02:05:49.761 [info] > git status -z -uall [29ms]
